\BOOKMARK [0][-]{chapter.1}{\376\377\000I\000n\000t\000r\000o\000d\000u\000c\000t\000i\000o\000n\000\040\000\340\000\040\000l\000a\000\040\000t\000h\000\351\000o\000r\000i\000e\000\040\000d\000e\000\040\000l\000a\000\040\000m\000e\000s\000u\000r\000e}{}% 1
\BOOKMARK [1][-]{section.1.1}{\376\377\000C\000a\000r\000d\000i\000n\000a\000u\000x\000,\000\040\000s\000o\000m\000m\000e\000s\000\040\000d\000\351\000n\000o\000m\000b\000r\000a\000b\000l\000e\000s\000,\000\040\000n\000o\000u\000v\000e\000a\000u\000\040\000f\000o\000r\000m\000a\000l\000i\000s\000m\000e\000\040\000s\000u\000r\000\040\000l\000e\000s\000\040\000e\000n\000s\000e\000m\000b\000l\000e\000s}{chapter.1}% 2
\BOOKMARK [1][-]{section.1.2}{\376\377\000T\000r\000i\000b\000u\000,\000\040\000m\000e\000s\000u\000r\000e}{chapter.1}% 3
\BOOKMARK [0][-]{chapter.2}{\376\377\000L\000'\000i\000n\000t\000\351\000g\000r\000a\000l\000e\000\040\000d\000e\000\040\000L\000e\000b\000e\000s\000g\000u\000e}{}% 4
\BOOKMARK [1][-]{section.2.1}{\376\377\000F\000o\000n\000c\000t\000i\000o\000n\000s\000\040\000m\000e\000s\000u\000r\000a\000b\000l\000e\000s}{chapter.2}% 5
\BOOKMARK [1][-]{section.2.2}{\376\377\000F\000o\000n\000c\000t\000i\000o\000n\000s\000\040\000\351\000c\000h\000e\000l\000o\000n\000n\000\351\000e\000s\000\040\000p\000o\000s\000i\000t\000i\000v\000e\000s}{chapter.2}% 6
\BOOKMARK [1][-]{section.2.3}{\376\377\000I\000n\000t\000\351\000g\000r\000a\000l\000e\000\040\000d\000'\000u\000n\000e\000\040\000f\000o\000n\000c\000t\000i\000o\000n\000\040\000p\000o\000s\000i\000t\000i\000v\000e}{chapter.2}% 7
\BOOKMARK [1][-]{section.2.4}{\376\377\000I\000n\000t\000\351\000g\000r\000a\000l\000e\000\040\000d\000'\000u\000n\000e\000\040\000f\000o\000n\000c\000t\000i\000o\000n\000\040\000\340\000\040\000v\000a\000l\000e\000u\000r\000s\000\040\000r\000\351\000e\000l\000l\000e\000s\000\040\000o\000u\000\040\000c\000o\000m\000p\000l\000e\000x\000e}{chapter.2}% 8
\BOOKMARK [0][-]{chapter.3}{\376\377\000L\000a\000\040\000m\000e\000s\000u\000r\000e\000\040\000d\000e\000\040\000L\000e\000b\000e\000s\000g\000u\000e}{}% 9
\BOOKMARK [1][-]{section.3.1}{\376\377\000T\000h\000\351\000o\000r\000\350\000m\000e\000\040\000d\000e\000\040\000C\000a\000r\000a\000t\000h\000\351\000o\000d\000o\000r\000y}{chapter.3}% 10
\BOOKMARK [1][-]{section.3.2}{\376\377\000A\000p\000p\000l\000i\000c\000a\000t\000i\000o\000n\000s}{chapter.3}% 11
\BOOKMARK [1][-]{section.3.3}{\376\377\000L\000e\000\040\000t\000h\000\351\000o\000r\000\350\000m\000e\000\040\000d\000e\000\040\000R\000i\000e\000s\000z}{chapter.3}% 12
\BOOKMARK [0][-]{chapter.4}{\376\377\000L\000'\000i\000n\000t\000\351\000g\000r\000a\000l\000e\000\040\000d\000e\000\040\000R\000i\000e\000m\000a\000n\000n}{}% 13
\BOOKMARK [1][-]{section.4.1}{\376\377\000D\000\351\000f\000i\000n\000i\000t\000i\000o\000n}{chapter.4}% 14
\BOOKMARK [1][-]{section.4.2}{\376\377\000A\000p\000p\000l\000i\000c\000a\000t\000i\000o\000n\000s}{chapter.4}% 15
\BOOKMARK [0][-]{chapter.5}{\376\377\000M\000\351\000t\000h\000o\000d\000e\000s\000\040\000d\000e\000\040\000q\000u\000a\000d\000r\000a\000t\000u\000r\000e\000s}{}% 16
\BOOKMARK [1][-]{section.5.1}{\376\377\000A\000u\000t\000o\000u\000r\000\040\000d\000e\000\040\000l\000a\000\040\000f\000o\000r\000m\000u\000l\000e\000\040\000d\000'\000E\000u\000l\000e\000r\000\040\000M\000a\000c\000\040\000L\000a\000u\000r\000i\000n}{chapter.5}% 17
\BOOKMARK [1][-]{section.5.2}{\376\377\000P\000r\000e\000m\000i\000e\000r\000s\000\040\000r\000\351\000s\000u\000l\000t\000a\000t\000s\000\040\000s\000u\000r\000\040\000l\000e\000s\000\040\000q\000u\000a\000d\000r\000a\000t\000u\000r\000e\000s}{chapter.5}% 18
\BOOKMARK [1][-]{section.5.3}{\376\377\000D\000e\000s\000c\000r\000i\000p\000t\000i\000o\000n\000\040\000e\000t\000\040\000p\000r\000o\000p\000r\000i\000\351\000t\000\351\000s\000\040\000d\000e\000s\000\040\000m\000\351\000t\000h\000o\000d\000e\000s}{chapter.5}% 19
\BOOKMARK [0][-]{chapter.6}{\376\377\000C\000o\000m\000p\000l\000\351\000m\000e\000n\000t\000s\000\040\000s\000u\000r\000\040\000l\000'\000i\000n\000t\000\351\000g\000r\000a\000t\000i\000o\000n}{}% 20
\BOOKMARK [1][-]{section.6.1}{\376\377\000T\000r\000i\000b\000u\000,\000\040\000m\000e\000s\000u\000r\000e\000\040\000p\000r\000o\000d\000u\000i\000t\000,\000\040\000t\000h\000\351\000o\000r\000\350\000m\000e\000\040\000d\000e\000\040\000F\000u\000b\000i\000n\000i\000-\000T\000o\000n\000e\000l\000l\000i}{chapter.6}% 21
\BOOKMARK [1][-]{section.6.2}{\376\377\000I\000n\000\351\000g\000a\000l\000i\000t\000\351\000s\000,\000\040\000e\000s\000p\000a\000c\000e\000s\000\040\000L\000p\000,\000\040\000d\000\351\000r\000i\000v\000a\000t\000i\000o\000n}{chapter.6}% 22
\BOOKMARK [0][-]{chapter.7}{\376\377\000C\000o\000n\000v\000o\000l\000u\000t\000i\000o\000n\000\040\000e\000t\000\040\000t\000r\000a\000n\000s\000f\000o\000r\000m\000\351\000e\000\040\000d\000e\000\040\000F\000o\000u\000r\000i\000e\000r}{}% 23
\BOOKMARK [1][-]{section.7.1}{\376\377\000C\000o\000n\000v\000o\000l\000u\000t\000i\000o\000n}{chapter.7}% 24
\BOOKMARK [1][-]{section.7.2}{\376\377\000T\000r\000a\000n\000s\000f\000o\000r\000m\000\351\000e\000\040\000d\000e\000\040\000F\000o\000u\000r\000i\000e\000r\000:\000\040\000d\000\351\000f\000i\000n\000i\000t\000i\000o\000n\000s\000\040\000e\000t\000\040\000p\000r\000e\000m\000i\000\350\000r\000e\000s\000\040\000p\000r\000o\000p\000r\000i\000\351\000t\000\351\000s}{chapter.7}% 25
\BOOKMARK [0][-]{chapter.8}{\376\377\000E\000s\000p\000a\000c\000e\000\040\000d\000e\000\040\000S\000c\000h\000w\000a\000r\000t\000z\000,\000\040\000t\000r\000a\000n\000s\000f\000o\000r\000m\000\351\000e\000\040\000d\000e\000\040\000F\000o\000u\000r\000i\000e\000r\000\040\000e\000t\000\040\000m\000e\000s\000u\000r\000e\000s}{}% 26
\BOOKMARK [1][-]{section.8.1}{\376\377\000G\000\351\000n\000\351\000r\000a\000l\000i\000t\000\351\000s\000\040\000s\000u\000r\000\040\000l\000'\000e\000s\000p\000a\000c\000e\000\040\000d\000e\000\040\000S\000c\000h\000w\000a\000r\000t\000z}{chapter.8}% 27
\BOOKMARK [1][-]{section.8.2}{\376\377\000T\000r\000a\000n\000s\000f\000o\000r\000m\000\351\000e\000\040\000d\000e\000\040\000F\000o\000u\000r\000i\000e\000r\000\040\000d\000a\000n\000s\000\040\000S}{chapter.8}% 28
\BOOKMARK [1][-]{section.8.3}{\376\377\000\311\000t\000u\000d\000e\000\040\000d\000e\000s\000\040\000s\000u\000i\000t\000e\000s\000\040\000d\000e\000\040\000m\000e\000s\000u\000r\000e\000s\000\040\000f\000i\000n\000i\000e\000s}{chapter.8}% 29
\BOOKMARK [0][-]{chapter.9}{\376\377\000P\000r\000o\000b\000a\000b\000i\000l\000i\000t\000e\000s}{}% 30
\BOOKMARK [1][-]{section.9.1}{\376\377\000Q\000u\000e\000l\000q\000u\000e\000s\000\040\000r\000\351\000s\000u\000l\000t\000a\000t\000s\000\040\000p\000r\000\351\000l\000i\000m\000i\000n\000a\000i\000r\000e\000s}{chapter.9}% 31
\BOOKMARK [1][-]{section.9.2}{\376\377\000C\000o\000n\000v\000e\000r\000g\000e\000n\000c\000e\000s\000\040\000p\000r\000e\000s\000q\000u\000e\000\040\000s\000\373\000r\000e\000m\000e\000n\000t\000,\000\040\000c\000o\000n\000v\000e\000r\000g\000e\000n\000c\000e\000\040\000L\000p\000,\000\040\000c\000o\000n\000v\000e\000r\000g\000e\000n\000c\000e\000\040\000e\000n\000\040\000p\000r\000o\000b\000a\000b\000i\000l\000i\000t\000\351}{chapter.9}% 32
\BOOKMARK [1][-]{section.9.3}{\376\377\000L\000o\000i\000\040\000f\000o\000r\000t\000e\000\040\000d\000e\000s\000\040\000g\000r\000a\000n\000d\000s\000\040\000n\000o\000m\000b\000r\000e\000s}{chapter.9}% 33
\BOOKMARK [1][-]{section.9.4}{\376\377\000F\000o\000n\000c\000t\000i\000o\000n\000s\000\040\000c\000a\000r\000a\000c\000t\000\351\000r\000i\000s\000t\000i\000q\000u\000e\000s}{chapter.9}% 34
\BOOKMARK [1][-]{section.9.5}{\376\377\000Q\000u\000e\000l\000q\000u\000e\000s\000\040\000l\000o\000i\000s}{chapter.9}% 35
\BOOKMARK [0][-]{chapter.10}{\376\377\000S\000\351\000r\000i\000e\000s\000\040\000d\000e\000\040\000F\000o\000u\000r\000i\000e\000r}{}% 36
\BOOKMARK [1][-]{section.10.1}{\376\377\000P\000o\000l\000y\000n\000\364\000m\000e\000s\000\040\000t\000r\000i\000g\000o\000n\000o\000m\000\351\000t\000r\000i\000q\000u\000e\000s}{chapter.10}% 37
\BOOKMARK [1][-]{section.10.2}{\376\377\000S\000\351\000r\000i\000e\000s\000\040\000d\000e\000\040\000F\000o\000u\000r\000i\000e\000r\000,\000\040\000n\000o\000y\000a\000u\000\040\000d\000e\000\040\000D\000i\000r\000i\000c\000h\000l\000e\000t}{chapter.10}% 38
\BOOKMARK [0][-]{chapter.11}{\376\377\000I\000n\000t\000\351\000g\000r\000a\000l\000e\000\040\000d\000e\000\040\000K\000u\000r\000t\000z\000w\000e\000i\000l\000-\000H\000e\000n\000s\000t\000o\000c\000k}{}% 39
\BOOKMARK [1][-]{section.11.1}{\376\377\000D\000\351\000f\000i\000n\000i\000t\000i\000o\000n\000\040\000e\000t\000\040\000p\000r\000e\000m\000i\000\350\000r\000e\000s\000\040\000p\000r\000o\000p\000r\000i\000\351\000t\000\351\000s\000\040\000d\000e\000\040\000l\000'\000i\000n\000t\000\351\000g\000r\000a\000l\000e\000\040\000d\000e\000\040\000K\000u\000r\000z\000w\000e\000i\000l\000-\000H\000e\000n\000s\000t\000o\000c\000k}{chapter.11}% 40
\BOOKMARK [1][-]{section.11.2}{\376\377\000D\000e\000s\000\040\000r\000\351\000s\000u\000l\000t\000a\000t\000s\000\040\000d\000e\000\040\000c\000o\000n\000v\000e\000r\000g\000e\000n\000c\000e}{chapter.11}% 41
